\BOOKMARK [0][-]{chapter.1}{\376\377\000I\000n\000t\000r\000o\000d\000u\000z\000i\000o\000n\000e}{}% 1
\BOOKMARK [0][-]{chapter.2}{\376\377\000B\000a\000c\000k\000g\000r\000o\000u\000n\000d}{}% 2
\BOOKMARK [1][-]{section.2.1}{\376\377\000B\000l\000o\000c\000k\000c\000h\000a\000i\000n}{chapter.2}% 3
\BOOKMARK [1][-]{section.2.2}{\376\377\000S\000t\000a\000t\000e\000\040\000c\000h\000a\000n\000n\000e\000l}{chapter.2}% 4
\BOOKMARK [2][-]{subsection.2.2.1}{\376\377\000P\000a\000y\000m\000e\000n\000t\000\040\000c\000h\000a\000n\000n\000e\000l}{section.2.2}% 5
\BOOKMARK [2][-]{subsection.2.2.2}{\376\377\000I\000n\000e\000x\000t\000i\000n\000g\000u\000i\000s\000h\000a\000b\000l\000e\000\040\000p\000a\000y\000m\000e\000n\000t\000\040\000c\000h\000a\000n\000n\000e\000l}{section.2.2}% 6
\BOOKMARK [1][-]{section.2.3}{\376\377\000F\000u\000l\000g\000u\000r\000\040\000H\000u\000b}{chapter.2}% 7
\BOOKMARK [2][-]{subsection.2.3.1}{\376\377\000M\000o\000t\000i\000v\000a\000z\000i\000o\000n\000i}{section.2.3}% 8
\BOOKMARK [2][-]{subsection.2.3.2}{\376\377\000C\000a\000r\000a\000t\000t\000e\000r\000i\000s\000t\000i\000c\000h\000e}{section.2.3}% 9
\BOOKMARK [2][-]{subsection.2.3.3}{\376\377\000L\000a\000v\000o\000r\000i\000\040\000c\000o\000r\000r\000e\000l\000a\000t\000i}{section.2.3}% 10
\BOOKMARK [0][-]{chapter.3}{\376\377\000A\000n\000a\000l\000i\000s\000i}{}% 11
\BOOKMARK [1][-]{section.3.1}{\376\377\000O\000b\000i\000e\000t\000t\000i\000v\000i}{chapter.3}% 12
\BOOKMARK [2][-]{subsection.3.1.1}{\376\377\000D\000i\000m\000o\000s\000t\000r\000a\000z\000i\000o\000n\000e\000\040\000d\000i\000\040\000f\000a\000t\000t\000i\000b\000i\000l\000i\000t\000\340}{section.3.1}% 13
\BOOKMARK [2][-]{subsection.3.1.2}{\376\377\000D\000i\000m\000o\000s\000t\000r\000a\000r\000e\000\040\000l\000a\000\040\000s\000c\000a\000l\000a\000b\000i\000l\000i\000t\000\340\000\040\000a\000r\000c\000h\000i\000t\000e\000t\000t\000u\000r\000a\000l\000e}{section.3.1}% 14
\BOOKMARK [1][-]{section.3.2}{\376\377\000D\000e\000s\000c\000r\000i\000z\000i\000o\000n\000e\000\040\000g\000e\000n\000e\000r\000a\000l\000e\000\040\000d\000e\000l\000l\000'\000a\000r\000c\000h\000i\000t\000e\000t\000t\000u\000r\000a}{chapter.3}% 15
\BOOKMARK [1][-]{section.3.3}{\376\377\000C\000a\000s\000i\000\040\000d\000'\000u\000s\000o}{chapter.3}% 16
\BOOKMARK [2][-]{subsection.3.3.1}{\376\377\000S\000o\000t\000t\000o\000s\000c\000r\000i\000z\000i\000o\000n\000e\000\040\000d\000i\000\040\000u\000n\000\040\000F\000u\000l\000g\000u\000r\000H\000u\000b}{section.3.3}% 17
\BOOKMARK [2][-]{subsection.3.3.2}{\376\377\000P\000a\000g\000a\000m\000e\000n\000t\000o\000\040\000O\000n\000C\000h\000a\000i\000n\000-\000O\000n\000C\000h\000a\000i\000n}{section.3.3}% 18
\BOOKMARK [2][-]{subsection.3.3.3}{\376\377\000P\000a\000g\000a\000m\000e\000n\000t\000o\000\040\000O\000f\000f\000C\000h\000a\000i\000n\000-\000O\000f\000f\000C\000h\000a\000i\000n}{section.3.3}% 19
\BOOKMARK [2][-]{subsection.3.3.4}{\376\377\000P\000a\000g\000a\000m\000e\000n\000t\000o\000\040\000O\000f\000f\000C\000h\000a\000i\000n\000-\000O\000n\000C\000h\000a\000i\000n}{section.3.3}% 20
\BOOKMARK [2][-]{subsection.3.3.5}{\376\377\000P\000a\000g\000a\000m\000e\000n\000t\000o\000\040\000O\000n\000C\000h\000a\000i\000n\000-\000O\000f\000f\000C\000h\000a\000i\000n}{section.3.3}% 21
\BOOKMARK [2][-]{subsection.3.3.6}{\376\377\000P\000r\000e\000l\000i\000e\000v\000o\000\040\000a\000\040\000c\000a\000l\000d\000o}{section.3.3}% 22
\BOOKMARK [2][-]{subsection.3.3.7}{\376\377\000R\000i\000c\000a\000r\000i\000c\000a\000\040\000a\000\040\000c\000a\000l\000d\000o}{section.3.3}% 23
\BOOKMARK [2][-]{subsection.3.3.8}{\376\377\000C\000h\000i\000u\000s\000u\000r\000a\000\040\000d\000i\000\040\000u\000n\000\040\000c\000a\000n\000a\000l\000e}{section.3.3}% 24
\BOOKMARK [2][-]{subsection.3.3.9}{\376\377\000R\000i\000s\000c\000o\000s\000s\000i\000o\000n\000e\000\040\000d\000i\000\040\000u\000n\000\040\000p\000e\000n\000d\000i\000n\000g\000\040\000t\000o\000k\000e\000n}{section.3.3}% 25
\BOOKMARK [0][-]{chapter.4}{\376\377\000P\000r\000o\000g\000e\000t\000t\000a\000z\000i\000o\000n\000e\000\040\000e\000\040\000s\000v\000i\000l\000u\000p\000p\000o}{}% 26
\BOOKMARK [1][-]{section.4.1}{\376\377\000S\000m\000a\000r\000t\000\040\000c\000o\000n\000t\000r\000a\000c\000t}{chapter.4}% 27
\BOOKMARK [2][-]{subsection.4.1.1}{\376\377\000R\000e\000q\000u\000i\000s\000i\000t\000i\000\040\000e\000\040\000r\000e\000s\000p\000o\000n\000s\000a\000b\000i\000l\000i\000t\000\340}{section.4.1}% 28
\BOOKMARK [2][-]{subsection.4.1.2}{\376\377\000M\000o\000t\000i\000v\000a\000z\000i\000o\000n\000i\000\040\000t\000e\000c\000n\000o\000l\000o\000g\000i\000c\000h\000e}{section.4.1}% 29
\BOOKMARK [2][-]{subsection.4.1.3}{\376\377\000D\000e\000t\000t\000a\000g\000l\000i\000\040\000i\000m\000p\000l\000e\000m\000e\000n\000t\000a\000t\000i\000v\000i}{section.4.1}% 30
\BOOKMARK [1][-]{section.4.2}{\376\377\000C\000l\000i\000e\000n\000t}{chapter.4}% 31
\BOOKMARK [2][-]{subsection.4.2.1}{\376\377\000R\000e\000s\000p\000o\000n\000s\000a\000b\000i\000l\000i\000t\000\340\000\040\000e\000\040\000r\000e\000q\000u\000i\000s\000i\000t\000i}{section.4.2}% 32
\BOOKMARK [2][-]{subsection.4.2.2}{\376\377\000M\000o\000t\000i\000v\000a\000z\000i\000o\000n\000i\000\040\000t\000e\000c\000n\000o\000l\000o\000g\000i\000c\000h\000e}{section.4.2}% 33
\BOOKMARK [2][-]{subsection.4.2.3}{\376\377\000D\000e\000t\000t\000a\000g\000l\000i\000\040\000i\000m\000p\000l\000e\000m\000e\000n\000t\000a\000t\000i\000v\000i}{section.4.2}% 34
\BOOKMARK [1][-]{section.4.3}{\376\377\000H\000u\000b}{chapter.4}% 35
\BOOKMARK [2][-]{subsection.4.3.1}{\376\377\000R\000e\000s\000p\000o\000n\000s\000a\000b\000i\000l\000i\000t\000\340\000\040\000e\000\040\000r\000e\000q\000u\000i\000s\000i\000t\000i}{section.4.3}% 36
\BOOKMARK [2][-]{subsection.4.3.2}{\376\377\000M\000o\000t\000i\000v\000a\000z\000i\000o\000n\000i\000\040\000t\000e\000c\000n\000o\000l\000o\000g\000i\000c\000h\000e}{section.4.3}% 37
\BOOKMARK [2][-]{subsection.4.3.3}{\376\377\000D\000e\000t\000t\000a\000g\000l\000i\000\040\000i\000m\000p\000l\000e\000m\000e\000n\000t\000a\000t\000i\000v\000i}{section.4.3}% 38
\BOOKMARK [0][-]{chapter.5}{\376\377\000P\000r\000o\000v\000e\000\040\000s\000p\000e\000r\000i\000m\000e\000n\000t\000a\000l\000i}{}% 39
\BOOKMARK [1][-]{section.5.1}{\376\377\000G\000l\000i\000\040\000o\000b\000i\000e\000t\000t\000i\000v\000i}{chapter.5}% 40
\BOOKMARK [1][-]{section.5.2}{\376\377\000L\000'\000a\000p\000p\000r\000o\000c\000c\000i\000o\000\040\000a\000d\000o\000t\000t\000a\000t\000o}{chapter.5}% 41
\BOOKMARK [1][-]{section.5.3}{\376\377\000T\000h\000r\000o\000u\000g\000h\000p\000u\000t\000\040\000d\000e\000l\000\040\000c\000l\000i\000e\000n\000t}{chapter.5}% 42
\BOOKMARK [1][-]{section.5.4}{\376\377\000T\000h\000r\000o\000u\000g\000h\000p\000u\000t\000\040\000d\000e\000l\000l\000'\000h\000u\000b}{chapter.5}% 43
\BOOKMARK [1][-]{section.5.5}{\376\377\000P\000r\000o\000f\000i\000l\000i\000n\000g}{chapter.5}% 44
\BOOKMARK [1][-]{section.5.6}{\376\377\000C\000o\000n\000s\000i\000d\000e\000r\000a\000z\000i\000o\000n\000i}{chapter.5}% 45
\BOOKMARK [0][-]{chapter.6}{\376\377\000C\000o\000n\000c\000l\000u\000s\000i\000o\000n\000i\000\040\000e\000\040\000s\000v\000i\000l\000u\000p\000p\000i\000\040\000f\000u\000t\000u\000r\000i}{}% 46
\BOOKMARK [1][-]{section.6.1}{\376\377\000R\000i\000s\000u\000l\000t\000a\000t\000i\000\040\000o\000t\000t\000e\000n\000u\000t\000i}{chapter.6}% 47
\BOOKMARK [1][-]{section.6.2}{\376\377\000S\000v\000i\000l\000u\000p\000p\000i\000\040\000f\000u\000t\000u\000r\000i}{chapter.6}% 48
\BOOKMARK [2][-]{subsection.6.2.1}{\376\377\000A\000u\000t\000o\000g\000e\000s\000t\000i\000o\000n\000e\000\040\000f\000i\000n\000a\000n\000z\000i\000a\000r\000i\000a}{section.6.2}% 49
\BOOKMARK [2][-]{subsection.6.2.2}{\376\377\000S\000c\000a\000m\000b\000i\000o\000\040\000d\000i\000\040\000t\000o\000k\000e\000n\000\040\000d\000i\000v\000e\000r\000s\000i}{section.6.2}% 50
