This is LuaTeX, Version 1.07.0 (TeX Live 2018)  (format=lualatex 2018.4.16)  29 SEP 2018 10:09
 restricted system commands enabled.
**./tex2pdf.-9e1a7949cf63fbfb/input.tex
(./tex2pdf.-9e1a7949cf63fbfb/input.tex
LaTeX2e <2018-04-01> patch level 2
Lua module: luaotfload-main 2017/01/29 2.80001 OpenType layout system.
Lua module: lualibs 2017-02-01 2.5 ConTeXt Lua standard libraries.
Lua module: lualibs-extended 2017-02-01 2.5 ConTeXt Lua libraries -- extended co
llection.(using write cache: /Users/menxit/Library/texlive/2018/texmf-var/luatex
-cache/generic)(using read cache: /usr/local/texlive/2018/texmf-var/luatex-cache
/generic /Users/menxit/Library/texlive/2018/texmf-var/luatex-cache/generic)
luaotfload | conf : Root cache directory is /Users/menxit/Library/texlive/2018/t
exmf-var/luatex-cache/generic/names.
luaotfload | init : Loading fontloader “fontloader-2017-02-11.lua” from kpse
-resolved path “/usr/local/texlive/2018/texmf-dist/tex/luatex/luaotfload/fontl
oader-2017-02-11.lua”.
Lua-only attribute luaotfload@state = 1
Lua-only attribute luaotfload@noligature = 2
Lua-only attribute luaotfload@syllabe = 3
luaotfload | init : Context OpenType loader version “3.027”
Inserting `luaotfload.node_processor' at position 1 in `pre_linebreak_filter'.
Inserting `luaotfload.node_processor' at position 1 in `hpack_filter'.
Inserting `luaotfload.define_font' at position 1 in `define_font'.
Lua-only attribute luaotfload_color_attribute = 4
luaotfload | conf : Root cache directory is /Users/menxit/Library/texlive/2018/t
exmf-var/luatex-cache/generic/names.
Inserting `luaotfload.aux.set_sscale_dimens' at position 1 in `luaotfload.patch_
font'.
Inserting `luaotfload.aux.patch_cambria_domh' at position 2 in `luaotfload.patch
_font'.
Inserting `luaotfload.aux.fixup_fontdata' at position 1 in `luaotfload.patch_fon
t_unsafe'.
Inserting `luaotfload.aux.set_capheight' at position 3 in `luaotfload.patch_font
'.
Inserting `luaotfload.rewrite_fontname' at position 4 in `luaotfload.patch_font'
.
luaotfload | main : initialization completed in 0.126 seconds
Babel <3.18> and hyphenation patterns for 1 language(s) loaded.
(/usr/local/texlive/2018/texmf-dist/tex/latex/base/book.cls
Document Class: book 2014/09/29 v1.4h Standard LaTeX document class
(/usr/local/texlive/2018/texmf-dist/tex/latex/base/bk12.clo
File: bk12.clo 2014/09/29 v1.4h Standard LaTeX file (size option)
luaotfload | db : Font names database loaded from /Users/menxit/Library/texlive/
2018/texmf-var/luatex-cache/generic/names/luaotfload-names.luc(load luc: /Users/
menxit/Library/texlive/2018/texmf-var/luatex-cache/generic/fonts/otl/lmroman12-r
egular.luc))
\c@part=\count80
\c@chapter=\count81
\c@section=\count82
\c@subsection=\count83
\c@subsubsection=\count84
\c@paragraph=\count85
\c@subparagraph=\count86
\c@figure=\count87
\c@table=\count88
\abovecaptionskip=\skip41
\belowcaptionskip=\skip42
\bibindent=\dimen102
) (/usr/local/texlive/2018/texmf-dist/tex/latex/base/inputenc.sty
Package: inputenc 2018/04/06 v1.3b Input encoding file
\inpenc@prehook=\toks14
\inpenc@posthook=\toks15


Package inputenc Warning: inputenc package ignored with utf8 based engines.

) (/usr/local/texlive/2018/texmf-dist/tex/latex/graphics/graphicx.sty
Package: graphicx 2017/06/01 v1.1a Enhanced LaTeX Graphics (DPC,SPQR)

(/usr/local/texlive/2018/texmf-dist/tex/latex/graphics/keyval.sty
Package: keyval 2014/10/28 v1.15 key=value parser (DPC)
\KV@toks@=\toks16
)
(/usr/local/texlive/2018/texmf-dist/tex/latex/graphics/graphics.sty
Package: graphics 2017/06/25 v1.2c Standard LaTeX Graphics (DPC,SPQR)

(/usr/local/texlive/2018/texmf-dist/tex/latex/graphics/trig.sty
Package: trig 2016/01/03 v1.10 sin cos tan (DPC)
)
(/usr/local/texlive/2018/texmf-dist/tex/latex/graphics-cfg/graphics.cfg
File: graphics.cfg 2016/06/04 v1.11 sample graphics configuration
)
Package graphics Info: Driver file: luatex.def on input line 99.

(/usr/local/texlive/2018/texmf-dist/tex/latex/graphics-def/luatex.def
File: luatex.def 2018/01/08 v1.0l Graphics/color driver for luatex
))
\Gin@req@height=\dimen103
\Gin@req@width=\dimen104
)
(/usr/local/texlive/2018/texmf-dist/tex/latex/svg/svg.sty
Package: svg 2017/11/29 v2.01 (include SVG pictures)

(/usr/local/texlive/2018/texmf-dist/tex/latex/koma-script/scrbase.sty
Package: scrbase 2018/03/30 v3.25 KOMA-Script package (KOMA-Script-independent b
asics and keyval usage)

(/usr/local/texlive/2018/texmf-dist/tex/latex/koma-script/scrlfile.sty
Package: scrlfile 2018/03/30 v3.25 KOMA-Script package (loading files)
))
(/usr/local/texlive/2018/texmf-dist/tex/generic/ifxetex/ifxetex.sty
Package: ifxetex 2010/09/12 v0.6 Provides ifxetex conditional
)
(/usr/local/texlive/2018/texmf-dist/tex/generic/oberdiek/ifluatex.sty
Package: ifluatex 2016/05/16 v1.4 Provides the ifluatex switch (HO)
Package ifluatex Info: LuaTeX detected.
)
(/usr/local/texlive/2018/texmf-dist/tex/generic/oberdiek/ifpdf.sty
Package: ifpdf 2017/03/15 v3.2 Provides the ifpdf switch
)
(/usr/local/texlive/2018/texmf-dist/tex/generic/oberdiek/pdftexcmds.sty
Package: pdftexcmds 2018/01/30 v0.27 Utility functions of pdfTeX for LuaTeX (HO)


(/usr/local/texlive/2018/texmf-dist/tex/generic/oberdiek/infwarerr.sty
Package: infwarerr 2016/05/16 v1.4 Providing info/warning/error messages (HO)
)
(/usr/local/texlive/2018/texmf-dist/tex/generic/oberdiek/ltxcmds.sty
Package: ltxcmds 2016/05/16 v1.23 LaTeX kernel commands for general use (HO)
)
Package pdftexcmds Info: \pdf@primitive is available.
Package pdftexcmds Info: \pdf@ifprimitive is available.
Package pdftexcmds Info: \pdfdraftmode found.
\pdftexcmds@toks=\toks17
)
(/usr/local/texlive/2018/texmf-dist/tex/latex/tools/shellesc.sty
Package: shellesc 2016/06/07 v0.02a unified shell escape interface for LaTeX
Package shellesc Info: Restricted shell escape enabled on input line 69.
)
\c@svg@param@lastpage=\count89
\c@svg@param@currpage=\count90
)
(/usr/local/texlive/2018/texmf-dist/tex/latex/xcolor/xcolor.sty
Package: xcolor 2016/05/11 v2.12 LaTeX color extensions (UK)

(/usr/local/texlive/2018/texmf-dist/tex/latex/graphics-cfg/color.cfg
File: color.cfg 2016/01/02 v1.6 sample color configuration
)
Package xcolor Info: Driver file: luatex.def on input line 225.
Package xcolor Info: Model `cmy' substituted by `cmy0' on input line 1348.
Package xcolor Info: Model `hsb' substituted by `rgb' on input line 1352.
Package xcolor Info: Model `RGB' extended on input line 1364.
Package xcolor Info: Model `HTML' substituted by `rgb' on input line 1366.
Package xcolor Info: Model `Hsb' substituted by `hsb' on input line 1367.
Package xcolor Info: Model `tHsb' substituted by `hsb' on input line 1368.
Package xcolor Info: Model `HSB' substituted by `hsb' on input line 1369.
Package xcolor Info: Model `Gray' substituted by `gray' on input line 1370.
Package xcolor Info: Model `wave' substituted by `hsb' on input line 1371.
)
(/usr/local/texlive/2018/texmf-dist/tex/latex/oberdiek/transparent.sty
Package: transparent 2016/05/16 v1.1 Transparency via pdfTeX's color stack (HO)


Package transparent Warning: Your pdfTeX version does not support color stacks.

) (/usr/local/texlive/2018/texmf-dist/tex/latex/tools/afterpage.sty
Package: afterpage 2014/10/28 v1.08 After-Page Package (DPC)
\AP@output=\toks18
\AP@partial=\box26
\AP@footins=\box27
)
(/usr/local/texlive/2018/texmf-dist/tex/latex/lm/lmodern.sty
Package: lmodern 2009/10/30 v1.6 Latin Modern Fonts
LaTeX Font Info:    Overwriting symbol font `operators' in version `normal'
(Font)                  OT1/cmr/m/n --> OT1/lmr/m/n on input line 22.
LaTeX Font Info:    Overwriting symbol font `letters' in version `normal'
(Font)                  OML/cmm/m/it --> OML/lmm/m/it on input line 23.
LaTeX Font Info:    Overwriting symbol font `symbols' in version `normal'
(Font)                  OMS/cmsy/m/n --> OMS/lmsy/m/n on input line 24.
LaTeX Font Info:    Overwriting symbol font `largesymbols' in version `normal'
(Font)                  OMX/cmex/m/n --> OMX/lmex/m/n on input line 25.
LaTeX Font Info:    Overwriting symbol font `operators' in version `bold'
(Font)                  OT1/cmr/bx/n --> OT1/lmr/bx/n on input line 26.
LaTeX Font Info:    Overwriting symbol font `letters' in version `bold'
(Font)                  OML/cmm/b/it --> OML/lmm/b/it on input line 27.
LaTeX Font Info:    Overwriting symbol font `symbols' in version `bold'
(Font)                  OMS/cmsy/b/n --> OMS/lmsy/b/n on input line 28.
LaTeX Font Info:    Overwriting symbol font `largesymbols' in version `bold'
(Font)                  OMX/cmex/m/n --> OMX/lmex/m/n on input line 29.
LaTeX Font Info:    Overwriting math alphabet `\mathbf' in version `normal'
(Font)                  OT1/cmr/bx/n --> OT1/lmr/bx/n on input line 31.
LaTeX Font Info:    Overwriting math alphabet `\mathsf' in version `normal'
(Font)                  OT1/cmss/m/n --> OT1/lmss/m/n on input line 32.
LaTeX Font Info:    Overwriting math alphabet `\mathit' in version `normal'
(Font)                  OT1/cmr/m/it --> OT1/lmr/m/it on input line 33.
LaTeX Font Info:    Overwriting math alphabet `\mathtt' in version `normal'
(Font)                  OT1/cmtt/m/n --> OT1/lmtt/m/n on input line 34.
LaTeX Font Info:    Overwriting math alphabet `\mathbf' in version `bold'
(Font)                  OT1/cmr/bx/n --> OT1/lmr/bx/n on input line 35.
LaTeX Font Info:    Overwriting math alphabet `\mathsf' in version `bold'
(Font)                  OT1/cmss/bx/n --> OT1/lmss/bx/n on input line 36.
LaTeX Font Info:    Overwriting math alphabet `\mathit' in version `bold'
(Font)                  OT1/cmr/bx/it --> OT1/lmr/bx/it on input line 37.
LaTeX Font Info:    Overwriting math alphabet `\mathtt' in version `bold'
(Font)                  OT1/cmtt/m/n --> OT1/lmtt/m/n on input line 38.
)
(/usr/local/texlive/2018/texmf-dist/tex/latex/setspace/setspace.sty
Package: setspace 2011/12/19 v6.7a set line spacing
)
(/usr/local/texlive/2018/texmf-dist/tex/latex/amsfonts/amssymb.sty
Package: amssymb 2013/01/14 v3.01 AMS font symbols

(/usr/local/texlive/2018/texmf-dist/tex/latex/amsfonts/amsfonts.sty
Package: amsfonts 2013/01/14 v3.01 Basic AMSFonts support
\@emptytoks=\toks19
\symAMSa=\mathgroup4
\symAMSb=\mathgroup5
LaTeX Font Info:    Overwriting math alphabet `\mathfrak' in version `bold'
(Font)                  U/euf/m/n --> U/euf/b/n on input line 106.
))
(/usr/local/texlive/2018/texmf-dist/tex/latex/amsmath/amsmath.sty
Package: amsmath 2017/09/02 v2.17a AMS math features
\@mathmargin=\skip43

For additional information on amsmath, use the `?' option.
(/usr/local/texlive/2018/texmf-dist/tex/latex/amsmath/amstext.sty
Package: amstext 2000/06/29 v2.01 AMS text

(/usr/local/texlive/2018/texmf-dist/tex/latex/amsmath/amsgen.sty
File: amsgen.sty 1999/11/30 v2.0 generic functions
\@emptytoks=\toks20
\ex@=\dimen105
))
(/usr/local/texlive/2018/texmf-dist/tex/latex/amsmath/amsbsy.sty
Package: amsbsy 1999/11/29 v1.2d Bold Symbols
\pmbraise@=\dimen106
)
(/usr/local/texlive/2018/texmf-dist/tex/latex/amsmath/amsopn.sty
Package: amsopn 2016/03/08 v2.02 operator names
)
\inf@bad=\count91
LaTeX Info: Redefining \frac on input line 213.
\uproot@=\count92
\leftroot@=\count93
LaTeX Info: Redefining \overline on input line 375.
\classnum@=\count94
\DOTSCASE@=\count95
LaTeX Info: Redefining \ldots on input line 472.
LaTeX Info: Redefining \dots on input line 475.
LaTeX Info: Redefining \cdots on input line 596.
\Mathstrutbox@=\box28
\strutbox@=\box29
\big@size=\dimen107
LaTeX Font Info:    Redeclaring font encoding OML on input line 712.
LaTeX Font Info:    Redeclaring font encoding OMS on input line 713.
\macc@depth=\count96
\c@MaxMatrixCols=\count97
\dotsspace@=\muskip10
\c@parentequation=\count98
\dspbrk@lvl=\count99
\tag@help=\toks21
\row@=\count100
\column@=\count101
\maxfields@=\count102
\andhelp@=\toks22
\eqnshift@=\dimen108
\alignsep@=\dimen109
\tagshift@=\dimen110
\tagwidth@=\dimen111
\totwidth@=\dimen112
\lineht@=\dimen113
\@envbody=\toks23
\multlinegap=\skip44
\multlinetaggap=\skip45
\mathdisplay@stack=\toks24
LaTeX Info: Redefining \[ on input line 2817.
LaTeX Info: Redefining \] on input line 2818.
)
(/usr/local/texlive/2018/texmf-dist/tex/latex/base/fixltx2e.sty
Package: fixltx2e 2016/12/29 v2.1a fixes to LaTeX (obsolete)
Applying: [2015/01/01] Old fixltx2e package on input line 46.


Package fixltx2e Warning: fixltx2e is not required with releases after 2015
(fixltx2e)                All fixes are now in the LaTeX kernel.
(fixltx2e)                See the latexrelease package for details.

Already applied: [0000/00/00] Old fixltx2e package on input line 53.
) (/usr/local/texlive/2018/texmf-dist/tex/latex/fontspec/fontspec.sty
(/usr/local/texlive/2018/texmf-dist/tex/latex/l3packages/xparse/xparse.sty
(/usr/local/texlive/2018/texmf-dist/tex/latex/l3kernel/expl3.sty
Package: expl3 2018/03/05 L3 programming layer (loader) 

(/usr/local/texlive/2018/texmf-dist/tex/latex/l3kernel/expl3-code.tex
Package: expl3 2018/03/05 L3 programming layer (code)
\ucharcat@table=\catcodetable5
\c_max_int=\count103
\l_tmpa_int=\count104
\l_tmpb_int=\count105
\g_tmpa_int=\count106
\g_tmpb_int=\count107
\g__intarray_font_int=\count108
\g__prg_map_int=\count109
\c_log_iow=\count110
\l_iow_line_count_int=\count111
\l__iow_line_target_int=\count112
\l__iow_one_indent_int=\count113
\l__iow_indent_int=\count114
\c_zero_dim=\dimen114
\c_max_dim=\dimen115
\l_tmpa_dim=\dimen116
\l_tmpb_dim=\dimen117
\g_tmpa_dim=\dimen118
\g_tmpb_dim=\dimen119
\c_zero_skip=\skip46
\c_max_skip=\skip47
\l_tmpa_skip=\skip48
\l_tmpb_skip=\skip49
\g_tmpa_skip=\skip50
\g_tmpb_skip=\skip51
\c_zero_muskip=\muskip11
\c_max_muskip=\muskip12
\l_tmpa_muskip=\muskip13
\l_tmpb_muskip=\muskip14
\g_tmpa_muskip=\muskip15
\g_tmpb_muskip=\muskip16
\l_keys_choice_int=\count115
\c__fp_leading_shift_int=\count116
\c__fp_middle_shift_int=\count117
\c__fp_trailing_shift_int=\count118
\c__fp_big_leading_shift_int=\count119
\c__fp_big_middle_shift_int=\count120
\c__fp_big_trailing_shift_int=\count121
\c__fp_Bigg_leading_shift_int=\count122
\c__fp_Bigg_middle_shift_int=\count123
\c__fp_Bigg_trailing_shift_int=\count124
\c__fp_rand_size_int=\count125
\c__fp_rand_four_int=\count126
\c__fp_rand_eight_int=\count127
\l__sort_length_int=\count128
\l__sort_min_int=\count129
\l__sort_top_int=\count130
\l__sort_max_int=\count131
\l__sort_true_max_int=\count132
\l__sort_block_int=\count133
\l__sort_begin_int=\count134
\l__sort_end_int=\count135
\l__sort_A_int=\count136
\l__sort_B_int=\count137
\l__sort_C_int=\count138
\l__tl_build_start_index_int=\count139
\l__tl_build_index_int=\count140
\l__tl_analysis_normal_int=\count141
\l__tl_analysis_index_int=\count142
\l__tl_analysis_nesting_int=\count143
\l__tl_analysis_type_int=\count144
\l__regex_internal_a_int=\count145
\l__regex_internal_b_int=\count146
\l__regex_internal_c_int=\count147
\l__regex_balance_int=\count148
\l__regex_group_level_int=\count149
\l__regex_mode_int=\count150
\c__regex_cs_in_class_mode_int=\count151
\c__regex_cs_mode_int=\count152
\l__regex_catcodes_int=\count153
\l__regex_default_catcodes_int=\count154
\c__regex_catcode_L_int=\count155
\c__regex_catcode_O_int=\count156
\c__regex_catcode_A_int=\count157
\c__regex_all_catcodes_int=\count158
\l__regex_show_lines_int=\count159
\l__regex_min_state_int=\count160
\l__regex_max_state_int=\count161
\l__regex_left_state_int=\count162
\l__regex_right_state_int=\count163
\l__regex_capturing_group_int=\count164
\l__regex_min_pos_int=\count165
\l__regex_max_pos_int=\count166
\l__regex_curr_pos_int=\count167
\l__regex_start_pos_int=\count168
\l__regex_success_pos_int=\count169
\l__regex_curr_char_int=\count170
\l__regex_curr_catcode_int=\count171
\l__regex_last_char_int=\count172
\l__regex_case_changed_char_int=\count173
\l__regex_curr_state_int=\count174
\l__regex_step_int=\count175
\l__regex_min_active_int=\count176
\l__regex_max_active_int=\count177
\l__regex_replacement_csnames_int=\count178
\l__regex_match_count_int=\count179
\l__regex_min_submatch_int=\count180
\l__regex_submatch_int=\count181
\l__regex_zeroth_submatch_int=\count182
\g__regex_trace_regex_int=\count183
\c_empty_box=\box30
\l_tmpa_box=\box31
\l_tmpb_box=\box32
\g_tmpa_box=\box33
\g_tmpb_box=\box34
\l__box_top_dim=\dimen120
\l__box_bottom_dim=\dimen121
\l__box_left_dim=\dimen122
\l__box_right_dim=\dimen123
\l__box_top_new_dim=\dimen124
\l__box_bottom_new_dim=\dimen125
\l__box_left_new_dim=\dimen126
\l__box_right_new_dim=\dimen127
\l__box_internal_box=\box35
\l__coffin_internal_box=\box36
\l__coffin_internal_dim=\dimen128
\l__coffin_offset_x_dim=\dimen129
\l__coffin_offset_y_dim=\dimen130
\l__coffin_x_dim=\dimen131
\l__coffin_y_dim=\dimen132
\l__coffin_x_prime_dim=\dimen133
\l__coffin_y_prime_dim=\dimen134
\c_empty_coffin=\box37
\l__coffin_aligned_coffin=\box38
\l__coffin_aligned_internal_coffin=\box39
\l_tmpa_coffin=\box40
\l_tmpb_coffin=\box41
\l__coffin_display_coffin=\box42
\l__coffin_display_coord_coffin=\box43
\l__coffin_display_pole_coffin=\box44
\l__coffin_display_offset_dim=\dimen135
\l__coffin_display_x_dim=\dimen136
\l__coffin_display_y_dim=\dimen137
\l__coffin_bounding_shift_dim=\dimen138
\l__coffin_left_corner_dim=\dimen139
\l__coffin_right_corner_dim=\dimen140
\l__coffin_bottom_corner_dim=\dimen141
\l__coffin_top_corner_dim=\dimen142
\l__coffin_scaled_total_height_dim=\dimen143
\l__coffin_scaled_width_dim=\dimen144
)
(/usr/local/texlive/2018/texmf-dist/tex/latex/l3kernel/l3pdfmode.def
File: l3pdfmode.def 2017/03/18 v L3 Experimental driver: PDF mode
\l__driver_color_stack_int=\count184
))
Package: xparse 2018/02/21 L3 Experimental document command parser
\l__xparse_current_arg_int=\count185
\g__xparse_grabber_int=\count186
\l__xparse_m_args_int=\count187
\l__xparse_mandatory_args_int=\count188
\l__xparse_v_nesting_int=\count189
)
Package: fontspec 2017/11/09 v2.6g Font selection for XeLaTeX and LuaLaTeX
Lua module: fontspec 2017/11/09 2.6g Font selection for XeLaTeX and LuaLaTeX
(/usr/local/texlive/2018/texmf-dist/tex/latex/fontspec/fontspec-luatex.sty
Package: fontspec-luatex 2017/11/09 v2.6g Font selection for XeLaTeX and LuaLaTe
X
\l__fontspec_script_int=\count190
\l__fontspec_language_int=\count191
\l__fontspec_strnum_int=\count192
\l__fontspec_tmp_int=\count193
\l__fontspec_em_int=\count194
\l__fontspec_emdef_int=\count195
\l__fontspec_strong_int=\count196
\l__fontspec_strongdef_int=\count197
\l__fontspec_tmpa_dim=\dimen145
\l__fontspec_tmpb_dim=\dimen146
\l__fontspec_tmpc_dim=\dimen147
\g__file_internal_ior=\read1

(/usr/local/texlive/2018/texmf-dist/tex/latex/base/fontenc.sty
Package: fontenc 2017/04/05 v2.0i Standard LaTeX package

(/usr/local/texlive/2018/texmf-dist/tex/latex/base/tuenc.def
File: tuenc.def 2017/04/05 v2.0i Standard LaTeX file
LaTeX Font Info:    Redeclaring font encoding TU on input line 82.
))
.................................................
. LaTeX info: "xparse/define-command"
. 
. Defining command \fontspec with sig. 'O{}mO{}' on line 545.
.................................................
.................................................
. LaTeX info: "xparse/define-command"
. 
. Defining command \setmainfont with sig. 'O{}mO{}' on line 549.
.................................................
.................................................
. LaTeX info: "xparse/define-command"
. 
. Defining command \setsansfont with sig. 'O{}mO{}' on line 553.
.................................................
.................................................
. LaTeX info: "xparse/define-command"
. 
. Defining command \setmonofont with sig. 'O{}mO{}' on line 557.
.................................................
.................................................
. LaTeX info: "xparse/define-command"
. 
. Defining command \setmathrm with sig. 'O{}mO{}' on line 561.
.................................................
.................................................
. LaTeX info: "xparse/define-command"
. 
. Defining command \setboldmathrm with sig. 'O{}mO{}' on line 565.
.................................................
.................................................
. LaTeX info: "xparse/define-command"
. 
. Defining command \setmathsf with sig. 'O{}mO{}' on line 569.
.................................................
.................................................
. LaTeX info: "xparse/define-command"
. 
. Defining command \setmathtt with sig. 'O{}mO{}' on line 573.
.................................................
.................................................
. LaTeX info: "xparse/define-command"
. 
. Defining command \setromanfont with sig. 'O{}mO{}' on line 577.
.................................................
.................................................
. LaTeX info: "xparse/define-command"
. 
. Defining command \newfontfamily with sig. 'mO{}mO{}' on line 581.
.................................................
.................................................
. LaTeX info: "xparse/define-command"
. 
. Defining command \newfontface with sig. 'mO{}mO{}' on line 585.
.................................................
.................................................
. LaTeX info: "xparse/define-command"
. 
. Defining command \defaultfontfeatures with sig. 't+om' on line 589.
.................................................
.................................................
. LaTeX info: "xparse/define-command"
. 
. Defining command \addfontfeatures with sig. 'm' on line 593.
.................................................
.................................................
. LaTeX info: "xparse/define-command"
. 
. Defining command \addfontfeature with sig. 'm' on line 597.
.................................................
.................................................
. LaTeX info: "xparse/define-command"
. 
. Defining command \newfontfeature with sig. 'mm' on line 601.
.................................................
.................................................
. LaTeX info: "xparse/define-command"
. 
. Defining command \newAATfeature with sig. 'mmmm' on line 605.
.................................................
.................................................
. LaTeX info: "xparse/define-command"
. 
. Defining command \newopentypefeature with sig. 'mmm' on line 609.
.................................................
.................................................
. LaTeX info: "xparse/define-command"
. 
. Defining command \newICUfeature with sig. 'mmm' on line 613.
.................................................
.................................................
. LaTeX info: "xparse/define-command"
. 
. Defining command \aliasfontfeature with sig. 'mm' on line 617.
.................................................
.................................................
. LaTeX info: "xparse/define-command"
. 
. Defining command \aliasfontfeatureoption with sig. 'mmm' on line 621.
.................................................
.................................................
. LaTeX info: "xparse/define-command"
. 
. Defining command \newfontscript with sig. 'mm' on line 625.
.................................................
.................................................
. LaTeX info: "xparse/define-command"
. 
. Defining command \newfontlanguage with sig. 'mm' on line 629.
.................................................
.................................................
. LaTeX info: "xparse/define-command"
. 
. Defining command \DeclareFontsExtensions with sig. 'm' on line 633.
.................................................
.................................................
. LaTeX info: "xparse/define-command"
. 
. Defining command \IfFontFeatureActiveTF with sig. 'mmm' on line 637.
.................................................
.................................................
. LaTeX info: "xparse/define-command"
. 
. Defining command \EncodingCommand with sig. 'mO{}m' on line 3366.
.................................................
.................................................
. LaTeX info: "xparse/define-command"
. 
. Defining command \EncodingAccent with sig. 'mm' on line 3372.
.................................................
.................................................
. LaTeX info: "xparse/define-command"
. 
. Defining command \EncodingSymbol with sig. 'mm' on line 3378.
.................................................
.................................................
. LaTeX info: "xparse/define-command"
. 
. Defining command \EncodingComposite with sig. 'mmm' on line 3384.
.................................................
.................................................
. LaTeX info: "xparse/define-command"
. 
. Defining command \EncodingCompositeCommand with sig. 'mmm' on line 3390.
.................................................
.................................................
. LaTeX info: "xparse/define-command"
. 
. Defining command \DeclareUnicodeEncoding with sig. 'mm' on line 3415.
.................................................
.................................................
. LaTeX info: "xparse/define-command"
. 
. Defining command \UndeclareSymbol with sig. 'm' on line 3421.
.................................................
.................................................
. LaTeX info: "xparse/define-command"
. 
. Defining command \UndeclareAccent with sig. 'm' on line 3427.
.................................................
.................................................
. LaTeX info: "xparse/define-command"
. 
. Defining command \UndeclareCommand with sig. 'm' on line 3433.
.................................................
.................................................
. LaTeX info: "xparse/define-command"
. 
. Defining command \UndeclareComposite with sig. 'mm' on line 3440.
.................................................

(/usr/local/texlive/2018/texmf-dist/tex/latex/fontspec/fontspec.cfg)
LaTeX Info: Redefining \itshape on input line 3625.
LaTeX Info: Redefining \slshape on input line 3630.
LaTeX Info: Redefining \scshape on input line 3635.
LaTeX Info: Redefining \upshape on input line 3640.
LaTeX Info: Redefining \em on input line 3670.
LaTeX Info: Redefining \emph on input line 3695.
(load luc: /Users/menxit/Library/texlive/2018/texmf-var/luatex-cache/generic/fon
ts/otl/lmroman12-bold.luc)(load luc: /Users/menxit/Library/texlive/2018/texmf-va
r/luatex-cache/generic/fonts/otl/lmroman12-italic.luc)
LaTeX Info: Redefining \- on input line 3749.
.................................................
. LaTeX info: "xparse/redefine-command"
. 
. Redefining command \oldstylenums with sig. 'm' on line 3844.
.................................................
.................................................
. LaTeX info: "xparse/define-command"
. 
. Defining command \liningnums with sig. 'm' on line 3848.
.................................................
))
(/usr/local/texlive/2018/texmf-dist/tex/latex/upquote/upquote.sty
Package: upquote 2012/04/19 v1.3 upright-quote and grave-accent glyphs in verbat
im

(/usr/local/texlive/2018/texmf-dist/tex/latex/base/textcomp.sty
Package: textcomp 2017/04/05 v2.0i Standard LaTeX package
Package textcomp Info: Sub-encoding information:
(textcomp)               5 = only ISO-Adobe without \textcurrency
(textcomp)               4 = 5 + \texteuro
(textcomp)               3 = 4 + \textohm
(textcomp)               2 = 3 + \textestimated + \textcurrency
(textcomp)               1 = TS1 - \textcircled - \t
(textcomp)               0 = TS1 (full)
(textcomp)             Font families with sub-encoding setting implement
(textcomp)             only a restricted character set as indicated.
(textcomp)             Family '?' is the default used for unknown fonts.
(textcomp)             See the documentation for details.
Package textcomp Info: Setting ? sub-encoding to TS1/1 on input line 79.

(/usr/local/texlive/2018/texmf-dist/tex/latex/base/ts1enc.def
File: ts1enc.def 2001/06/05 v3.0e (jk/car/fm) Standard LaTeX file
)
LaTeX Info: Redefining \oldstylenums on input line 334.
Package textcomp Info: Setting cmr sub-encoding to TS1/0 on input line 349.
Package textcomp Info: Setting cmss sub-encoding to TS1/0 on input line 350.
Package textcomp Info: Setting cmtt sub-encoding to TS1/0 on input line 351.
Package textcomp Info: Setting cmvtt sub-encoding to TS1/0 on input line 352.
Package textcomp Info: Setting cmbr sub-encoding to TS1/0 on input line 353.
Package textcomp Info: Setting cmtl sub-encoding to TS1/0 on input line 354.
Package textcomp Info: Setting ccr sub-encoding to TS1/0 on input line 355.
Package textcomp Info: Setting ptm sub-encoding to TS1/4 on input line 356.
Package textcomp Info: Setting pcr sub-encoding to TS1/4 on input line 357.
Package textcomp Info: Setting phv sub-encoding to TS1/4 on input line 358.
Package textcomp Info: Setting ppl sub-encoding to TS1/3 on input line 359.
Package textcomp Info: Setting pag sub-encoding to TS1/4 on input line 360.
Package textcomp Info: Setting pbk sub-encoding to TS1/4 on input line 361.
Package textcomp Info: Setting pnc sub-encoding to TS1/4 on input line 362.
Package textcomp Info: Setting pzc sub-encoding to TS1/4 on input line 363.
Package textcomp Info: Setting bch sub-encoding to TS1/4 on input line 364.
Package textcomp Info: Setting put sub-encoding to TS1/5 on input line 365.
Package textcomp Info: Setting uag sub-encoding to TS1/5 on input line 366.
Package textcomp Info: Setting ugq sub-encoding to TS1/5 on input line 367.
Package textcomp Info: Setting ul8 sub-encoding to TS1/4 on input line 368.
Package textcomp Info: Setting ul9 sub-encoding to TS1/4 on input line 369.
Package textcomp Info: Setting augie sub-encoding to TS1/5 on input line 370.
Package textcomp Info: Setting dayrom sub-encoding to TS1/3 on input line 371.
Package textcomp Info: Setting dayroms sub-encoding to TS1/3 on input line 372.
Package textcomp Info: Setting pxr sub-encoding to TS1/0 on input line 373.
Package textcomp Info: Setting pxss sub-encoding to TS1/0 on input line 374.
Package textcomp Info: Setting pxtt sub-encoding to TS1/0 on input line 375.
Package textcomp Info: Setting txr sub-encoding to TS1/0 on input line 376.
Package textcomp Info: Setting txss sub-encoding to TS1/0 on input line 377.
Package textcomp Info: Setting txtt sub-encoding to TS1/0 on input line 378.
Package textcomp Info: Setting lmr sub-encoding to TS1/0 on input line 379.
Package textcomp Info: Setting lmdh sub-encoding to TS1/0 on input line 380.
Package textcomp Info: Setting lmss sub-encoding to TS1/0 on input line 381.
Package textcomp Info: Setting lmssq sub-encoding to TS1/0 on input line 382.
Package textcomp Info: Setting lmvtt sub-encoding to TS1/0 on input line 383.
Package textcomp Info: Setting lmtt sub-encoding to TS1/0 on input line 384.
Package textcomp Info: Setting qhv sub-encoding to TS1/0 on input line 385.
Package textcomp Info: Setting qag sub-encoding to TS1/0 on input line 386.
Package textcomp Info: Setting qbk sub-encoding to TS1/0 on input line 387.
Package textcomp Info: Setting qcr sub-encoding to TS1/0 on input line 388.
Package textcomp Info: Setting qcs sub-encoding to TS1/0 on input line 389.
Package textcomp Info: Setting qpl sub-encoding to TS1/0 on input line 390.
Package textcomp Info: Setting qtm sub-encoding to TS1/0 on input line 391.
Package textcomp Info: Setting qzc sub-encoding to TS1/0 on input line 392.
Package textcomp Info: Setting qhvc sub-encoding to TS1/0 on input line 393.
Package textcomp Info: Setting futs sub-encoding to TS1/4 on input line 394.
Package textcomp Info: Setting futx sub-encoding to TS1/4 on input line 395.
Package textcomp Info: Setting futj sub-encoding to TS1/4 on input line 396.
Package textcomp Info: Setting hlh sub-encoding to TS1/3 on input line 397.
Package textcomp Info: Setting hls sub-encoding to TS1/3 on input line 398.
Package textcomp Info: Setting hlst sub-encoding to TS1/3 on input line 399.
Package textcomp Info: Setting hlct sub-encoding to TS1/5 on input line 400.
Package textcomp Info: Setting hlx sub-encoding to TS1/5 on input line 401.
Package textcomp Info: Setting hlce sub-encoding to TS1/5 on input line 402.
Package textcomp Info: Setting hlcn sub-encoding to TS1/5 on input line 403.
Package textcomp Info: Setting hlcw sub-encoding to TS1/5 on input line 404.
Package textcomp Info: Setting hlcf sub-encoding to TS1/5 on input line 405.
Package textcomp Info: Setting pplx sub-encoding to TS1/3 on input line 406.
Package textcomp Info: Setting pplj sub-encoding to TS1/3 on input line 407.
Package textcomp Info: Setting ptmx sub-encoding to TS1/4 on input line 408.
Package textcomp Info: Setting ptmj sub-encoding to TS1/4 on input line 409.
))
(/usr/local/texlive/2018/texmf-dist/tex/latex/microtype/microtype.sty
Package: microtype 2018/01/14 v2.7a Micro-typographical refinements (RS)
\MT@toks=\toks25
\MT@count=\count198
LaTeX Info: Redefining \textls on input line 793.
\MT@outer@kern=\dimen148
LaTeX Info: Redefining \textmicrotypecontext on input line 1339.
\MT@listname@count=\count199

(/usr/local/texlive/2018/texmf-dist/tex/latex/microtype/microtype-luatex.def
File: microtype-luatex.def 2018/01/14 v2.7a Definitions specific to luatex (RS)
Lua module: microtype 2018/01/14 2.7a microtype module.
LaTeX Info: Redefining \lsstyle on input line 679.
LaTeX Info: Redefining \lslig on input line 679.
\MT@outer@space=\skip52
)
Package microtype Info: Loading configuration file microtype.cfg.

(/usr/local/texlive/2018/texmf-dist/tex/latex/microtype/microtype.cfg
File: microtype.cfg 2018/01/14 v2.7a microtype main configuration file (RS)
))
(/usr/local/texlive/2018/texmf-dist/tex/latex/hyperref/hyperref.sty
Package: hyperref 2018/02/06 v6.86b Hypertext links for LaTeX

(/usr/local/texlive/2018/texmf-dist/tex/generic/oberdiek/hobsub-hyperref.sty
Package: hobsub-hyperref 2016/05/16 v1.14 Bundle oberdiek, subset hyperref (HO)

(/usr/local/texlive/2018/texmf-dist/tex/generic/oberdiek/hobsub-generic.sty
Package: hobsub-generic 2016/05/16 v1.14 Bundle oberdiek, subset generic (HO)
Package: hobsub 2016/05/16 v1.14 Construct package bundles (HO)
Package hobsub Info: Skipping package `infwarerr' (already loaded).
Package hobsub Info: Skipping package `ltxcmds' (already loaded).
Package hobsub Info: Skipping package `ifluatex' (already loaded).
Package: ifvtex 2016/05/16 v1.6 Detect VTeX and its facilities (HO)
Package ifvtex Info: VTeX not detected.
Package: intcalc 2016/05/16 v1.2 Expandable calculations with integers (HO)
Package hobsub Info: Skipping package `ifpdf' (already loaded).
Package: etexcmds 2016/05/16 v1.6 Avoid name clashes with e-TeX commands (HO)
Package: kvsetkeys 2016/05/16 v1.17 Key value parser (HO)
Package: kvdefinekeys 2016/05/16 v1.4 Define keys (HO)
Package: luatex-loader 2016/05/16 v0.6 Lua module loader (HO)

(/usr/local/texlive/2018/texmf-dist/scripts/oberdiek/oberdiek.luatex.lua)
Package hobsub Info: Skipping package `pdftexcmds' (already loaded).
Package: pdfescape 2016/05/16 v1.14 Implements pdfTeX's escape features (HO)
Package: bigintcalc 2016/05/16 v1.4 Expandable calculations on big integers (HO)

Package: bitset 2016/05/16 v1.2 Handle bit-vector datatype (HO)
Package: uniquecounter 2016/05/16 v1.3 Provide unlimited unique counter (HO)
)
Package hobsub Info: Skipping package `hobsub' (already loaded).
Package: letltxmacro 2016/05/16 v1.5 Let assignment for LaTeX macros (HO)
Package: hopatch 2016/05/16 v1.3 Wrapper for package hooks (HO)
Package: xcolor-patch 2016/05/16 xcolor patch
Package: atveryend 2016/05/16 v1.9 Hooks at the very end of document (HO)
Package atveryend Info: \AP@enddocument detected (standard20110627).
Package: atbegshi 2016/06/09 v1.18 At begin shipout hook (HO)
Package: refcount 2016/05/16 v3.5 Data extraction from label references (HO)
Package: hycolor 2016/05/16 v1.8 Color options for hyperref/bookmark (HO)
)
(/usr/local/texlive/2018/texmf-dist/tex/latex/oberdiek/auxhook.sty
Package: auxhook 2016/05/16 v1.4 Hooks for auxiliary files (HO)
)
(/usr/local/texlive/2018/texmf-dist/tex/latex/oberdiek/kvoptions.sty
Package: kvoptions 2016/05/16 v3.12 Key value format for package options (HO)
)
\@linkdim=\dimen149
\Hy@linkcounter=\count266
\Hy@pagecounter=\count267

(/usr/local/texlive/2018/texmf-dist/tex/latex/hyperref/pd1enc.def
File: pd1enc.def 2018/02/06 v6.86b Hyperref: PDFDocEncoding definition (HO)
)
\Hy@SavedSpaceFactor=\count268

(/usr/local/texlive/2018/texmf-dist/tex/latex/latexconfig/hyperref.cfg
File: hyperref.cfg 2002/06/06 v1.2 hyperref configuration of TeXLive
)
Package hyperref Info: Option `unicode' set `true' on input line 4383.

(/usr/local/texlive/2018/texmf-dist/tex/latex/hyperref/puenc.def
File: puenc.def 2018/02/06 v6.86b Hyperref: PDF Unicode definition (HO)
)
Package hyperref Info: Hyper figures OFF on input line 4509.
Package hyperref Info: Link nesting OFF on input line 4514.
Package hyperref Info: Hyper index ON on input line 4517.
Package hyperref Info: Plain pages OFF on input line 4524.
Package hyperref Info: Backreferencing OFF on input line 4529.
Package hyperref Info: Implicit mode ON; LaTeX internals redefined.
Package hyperref Info: Bookmarks ON on input line 4762.
\c@Hy@tempcnt=\count269

(/usr/local/texlive/2018/texmf-dist/tex/latex/url/url.sty
\Urlmuskip=\muskip17
Package: url 2013/09/16  ver 3.4  Verb mode for urls, etc.
)
LaTeX Info: Redefining \url on input line 5115.
\XeTeXLinkMargin=\dimen150
\Fld@menulength=\count270
\Field@Width=\dimen151
\Fld@charsize=\dimen152
Package hyperref Info: Hyper figures OFF on input line 6369.
Package hyperref Info: Link nesting OFF on input line 6374.
Package hyperref Info: Hyper index ON on input line 6377.
Package hyperref Info: backreferencing OFF on input line 6384.
Package hyperref Info: Link coloring OFF on input line 6389.
Package hyperref Info: Link coloring with OCG OFF on input line 6394.
Package hyperref Info: PDF/A mode OFF on input line 6399.
LaTeX Info: Redefining \ref on input line 6439.
LaTeX Info: Redefining \pageref on input line 6443.
\Hy@abspage=\count271
\c@Item=\count272
\c@Hfootnote=\count273
)
Package hyperref Info: Driver (autodetected): hluatex.

(/usr/local/texlive/2018/texmf-dist/tex/latex/hyperref/hluatex.def
File: hluatex.def 2018/02/06 v6.86b Hyperref driver for luaTeX
\Fld@listcount=\count274
\c@bookmark@seq@number=\count275

(/usr/local/texlive/2018/texmf-dist/tex/latex/oberdiek/rerunfilecheck.sty
Package: rerunfilecheck 2016/05/16 v1.8 Rerun checks for auxiliary files (HO)
Package uniquecounter Info: New unique counter `rerunfilecheck' on input line 28
2.
)
\Hy@SectionHShift=\skip53
)
Package hyperref Info: Option `breaklinks' set `true' on input line 36.

(/usr/local/texlive/2018/texmf-dist/tex/latex/polyglossia/polyglossia.sty
Package: polyglossia 2018/04/07 v1.43 Alternative to Babel for XeLaTeX and LuaLa
TeX

(/usr/local/texlive/2018/texmf-dist/tex/latex/etoolbox/etoolbox.sty
Package: etoolbox 2018/02/11 v2.5e e-TeX tools for LaTeX (JAW)
\etb@tempcnta=\count276
)
(/usr/local/texlive/2018/texmf-dist/tex/latex/makecmds/makecmds.sty
Package: makecmds 2009/09/03 v1.0a extra command making commands
)
(/usr/local/texlive/2018/texmf-dist/tex/latex/xkeyval/xkeyval.sty
Package: xkeyval 2014/12/03 v2.7a package option processing (HA)

(/usr/local/texlive/2018/texmf-dist/tex/generic/xkeyval/xkeyval.tex
(/usr/local/texlive/2018/texmf-dist/tex/generic/xkeyval/xkvutils.tex
\XKV@toks=\toks26
\XKV@tempa@toks=\toks27
)
\XKV@depth=\count277
File: xkeyval.tex 2014/12/03 v2.7a key=value parser (HA)
))
(/usr/local/texlive/2018/texmf-dist/tex/luatex/luatexbase/luatexbase.sty
Package: luatexbase 2015/10/04 v1.3 luatexbase interface to LuaTeX 

(/usr/local/texlive/2018/texmf-dist/tex/luatex/ctablestack/ctablestack.sty
Package: ctablestack 2015/10/01 v1.0 Catcode table stable support
\@catcodetablestackcnt=\count278
)
\CatcodeTableOther=\catcodetable6
\CatcodeTableExpl=\catcodetable7
)
luatex-hyphen: using data file: /usr/local/texlive/2018/texmf-var/tex/generic/co
nfig/language.dat.lua
Lua module: polyglossia 2013/05/11 1.3 Polyglossia)
(/usr/local/texlive/2018/texmf-dist/tex/latex/polyglossia/gloss-italian.ldf
File: gloss-italian.ldf polyglossia: module for italian
Module polyglossia Info: Language data for italian
(polyglossia)            loader	loadhyph-it.tex
(polyglossia)            hyphenation	
(polyglossia)            righthyphenmin	2
(polyglossia)            synonyms	table: 0x7ffbefa14a60
(polyglossia)            patterns	hyph-it.pat.txt
(polyglossia)            lefthyphenmin	2
(polyglossia)            patterns: hyph-it.pat.txt on input line 9
Module polyglossia Info: Language italian was not yet loaded; created with id 4 
on input line 9
Module polyglossia Info: Language italian already loaded; id is 4 on input line 
9
Module polyglossia Info: Language italian already loaded; id is 4 on input line 
9

(/usr/local/texlive/2018/texmf-dist/tex/latex/polyglossia/babelsh.def
File: babelsh.def 2013/04/30 Babel common definitions for shorthands
 Taken verbatim from babel.def (2013/04/15 v3.9e)
)
Package polyglossia Info: Making " an active character on input line 24.
)
Package polyglossia Info: Default language is italian.

(/usr/local/texlive/2018/texmf-dist/tex/latex/fancyvrb/fancyvrb.sty
Package: fancyvrb 2008/02/07

Style option: `fancyvrb' v2.7a, with DG/SPQR fixes, and firstline=lastline fix 
<2008/02/07> (tvz)
\FV@CodeLineNo=\count279
\FV@InFile=\read2
\FV@TabBox=\box45
\c@FancyVerbLine=\count280
\FV@StepNumber=\count281
\FV@OutFile=\write3
)
(/usr/local/texlive/2018/texmf-dist/tex/latex/tools/longtable.sty
Package: longtable 2014/10/28 v4.11 Multi-page Table package (DPC)
\LTleft=\skip54
\LTright=\skip55
\LTpre=\skip56
\LTpost=\skip57
\LTchunksize=\count282
\LTcapwidth=\dimen153
\LT@head=\box46
\LT@firsthead=\box47
\LT@foot=\box48
\LT@lastfoot=\box49
\LT@cols=\count283
\LT@rows=\count284
\c@LT@tables=\count285
\c@LT@chunks=\count286
\LT@p@ftn=\toks28
)
(/usr/local/texlive/2018/texmf-dist/tex/latex/booktabs/booktabs.sty
Package: booktabs 2016/04/27 v1.618033 publication quality tables
\heavyrulewidth=\dimen154
\lightrulewidth=\dimen155
\cmidrulewidth=\dimen156
\belowrulesep=\dimen157
\belowbottomsep=\dimen158
\aboverulesep=\dimen159
\abovetopsep=\dimen160
\cmidrulesep=\dimen161
\cmidrulekern=\dimen162
\defaultaddspace=\dimen163
\@cmidla=\count287
\@cmidlb=\count288
\@aboverulesep=\dimen164
\@belowrulesep=\dimen165
\@thisruleclass=\count289
\@lastruleclass=\count290
\@thisrulewidth=\dimen166
)
(/usr/local/texlive/2018/texmf-dist/tex/latex/mdwtools/footnote.sty
Package: footnote 1997/01/28 1.13 Save footnotes around boxes
\fn@notes=\box50
\fn@width=\dimen167
)
(/usr/local/texlive/2018/texmf-dist/tex/latex/oberdiek/grffile.sty
Package: grffile 2017/06/30 v1.18 Extended file name support for graphics (HO)
Package grffile Info: Option `multidot' is set to `true'.
Package grffile Info: Option `extendedchars' is set to `false'.
Package grffile Info: Option `space' is set to `true'.
Package grffile Info: \Gin@ii of package `graphicx' fixed on input line 494.
)
(/usr/local/texlive/2018/texmf-dist/tex/latex/parskip/parskip.sty
Package: parskip 2001/04/09 non-zero parskip adjustments
)
(/usr/local/texlive/2018/texmf-dist/tex/latex/geometry/geometry.sty
Package: geometry 2018/03/24 v5.7 Page Geometry
\Gm@cnth=\count291
\Gm@cntv=\count292
\c@Gm@tempcnt=\count293
\Gm@bindingoffset=\dimen168
\Gm@wd@mp=\dimen169
\Gm@odd@mp=\dimen170
\Gm@even@mp=\dimen171
\Gm@layoutwidth=\dimen172
\Gm@layoutheight=\dimen173
\Gm@layouthoffset=\dimen174
\Gm@layoutvoffset=\dimen175
\Gm@dimlist=\toks29
)
No file input.aux.

\openout1 = input.aux
LaTeX Font Info:    Checking defaults for OML/cmm/m/it on input line 132.
LaTeX Font Info:    ... okay on input line 132.
LaTeX Font Info:    Checking defaults for T1/cmr/m/n on input line 132.
LaTeX Font Info:    ... okay on input line 132.
LaTeX Font Info:    Checking defaults for OT1/cmr/m/n on input line 132.
LaTeX Font Info:    ... okay on input line 132.
LaTeX Font Info:    Checking defaults for OMS/cmsy/m/n on input line 132.
LaTeX Font Info:    ... okay on input line 132.
LaTeX Font Info:    Checking defaults for TU/lmr/m/n on input line 132.
LaTeX Font Info:    ... okay on input line 132.
LaTeX Font Info:    Checking defaults for OMX/cmex/m/n on input line 132.
LaTeX Font Info:    ... okay on input line 132.
LaTeX Font Info:    Checking defaults for U/cmr/m/n on input line 132.
LaTeX Font Info:    ... okay on input line 132.
LaTeX Font Info:    Checking defaults for TS1/cmr/m/n on input line 132.
LaTeX Font Info:    Try loading font information for TS1+cmr on input line 132.
(/usr/local/texlive/2018/texmf-dist/tex/latex/base/ts1cmr.fd
File: ts1cmr.fd 2014/09/29 v2.5h Standard LaTeX font definitions
)
LaTeX Font Info:    ... okay on input line 132.
LaTeX Font Info:    Checking defaults for PD1/pdf/m/n on input line 132.
LaTeX Font Info:    ... okay on input line 132.
LaTeX Font Info:    Checking defaults for PU/pdf/m/n on input line 132.
LaTeX Font Info:    ... okay on input line 132.

(/usr/local/texlive/2018/texmf-dist/tex/context/base/mkii/supp-pdf.mkii
[Loading MPS to PDF converter (version 2006.09.02).]
\scratchcounter=\count294
\scratchdimen=\dimen176
\scratchbox=\box51
\nofMPsegments=\count295
\nofMParguments=\count296
\everyMPshowfont=\toks30
\MPscratchCnt=\count297
\MPscratchDim=\dimen177
\MPnumerator=\count298
\makeMPintoPDFobject=\count299
\everyMPtoPDFconversion=\toks31
) (/usr/local/texlive/2018/texmf-dist/tex/latex/oberdiek/epstopdf-base.sty
Package: epstopdf-base 2016/05/15 v2.6 Base part for package epstopdf

(/usr/local/texlive/2018/texmf-dist/tex/latex/oberdiek/grfext.sty
Package: grfext 2016/05/16 v1.2 Manage graphics extensions (HO)
)
Package epstopdf-base Info: Redefining graphics rule for `.eps' on input line 43
8.
Package grfext Info: Graphics extension search list:
(grfext)             [.pdf,.png,.jpg,.mps,.jpeg,.jbig2,.jb2,.PDF,.PNG,.JPG,.JPEG
,.JBIG2,.JB2,.eps]
(grfext)             \AppendGraphicsExtensions on input line 456.

(/usr/local/texlive/2018/texmf-dist/tex/latex/latexconfig/epstopdf-sys.cfg
File: epstopdf-sys.cfg 2010/07/13 v1.3 Configuration of (r)epstopdf for TeX Live

))
LaTeX Info: Redefining \microtypecontext on input line 132.
Package microtype Info: Generating PDF output.
Package microtype Info: Character protrusion enabled (level 2).
Package microtype Info: Using protrusion set `basicmath'.
Package microtype Info: Automatic font expansion enabled (level 2),
(microtype)             stretch: 20, shrink: 20, step: 1, non-selected.
Package microtype Info: Using default expansion set `basictext'.
Package microtype Info: No adjustment of tracking.
Package microtype Info: No adjustment of spacing.
Package microtype Info: No adjustment of kerning.

(/usr/local/texlive/2018/texmf-dist/tex/latex/microtype/mt-LatinModernRoman.cfg
File: mt-LatinModernRoman.cfg 2013/03/13 v1.0 microtype config. file: Latin Mode
rn Roman (RS)
)
\AtBeginShipoutBox=\box52
Package hyperref Info: Link coloring OFF on input line 132.
 (/usr/local/texlive/2018/texmf-dist/tex/latex/hyperref/nameref.sty
Package: nameref 2016/05/21 v2.44 Cross-referencing by name of section

(/usr/local/texlive/2018/texmf-dist/tex/generic/oberdiek/gettitlestring.sty
Package: gettitlestring 2016/05/16 v1.5 Cleanup title references (HO)
)
\c@section@level=\count300
)
LaTeX Info: Redefining \ref on input line 132.
LaTeX Info: Redefining \pageref on input line 132.
LaTeX Info: Redefining \nameref on input line 132.
\@outlinefile=\write4

\openout4 = input.out
Module polyglossia Info: Language italian already loaded; id is 4 on input line 
132

*geometry* driver: auto-detecting
*geometry* detected driver: luatex
*geometry* verbose mode - [ preamble ] result:
* driver: luatex
* paper: <default>
* layout: <same size as paper>
* layoutoffset:(h,v)=(0.0pt,0.0pt)
* modes: twoside 
* h-part:(L,W,R)=(113.81102pt, 386.67296pt, 113.81102pt)
* v-part:(T,H,B)=(142.26378pt, 510.44243pt, 142.26378pt)
* \paperwidth=614.295pt
* \paperheight=794.96999pt
* \textwidth=386.67296pt
* \textheight=510.44243pt
* \oddsidemargin=41.54103pt
* \evensidemargin=41.54103pt
* \topmargin=38.12pt
* \headheight=12.0pt
* \headsep=19.8738pt
* \topskip=12.0pt
* \footskip=30.0pt
* \marginparwidth=98.0pt
* \marginparsep=7.0pt
* \columnsep=10.0pt
* \skip\footins=10.8pt plus 4.0pt minus 2.0pt
* \hoffset=0.0pt
* \voffset=0.0pt
* \mag=1000
* \@twocolumnfalse
* \@twosidetrue
* \@mparswitchtrue
* \@reversemarginfalse
* (1in=72.27pt=25.4mm, 1cm=28.453pt)

Package epstopdf Info: Source file: <template/uniroma3-logo.eps>
(epstopdf)                    date: 2018-08-31 11:47:16
(epstopdf)                    size: 386807 bytes
(epstopdf)             Output file: <template/uniroma3-logo-eps-converted-to.pdf
>
(epstopdf)                    date: 2018-08-31 11:47:16
(epstopdf)                    size: 23646 bytes
(epstopdf)             Command: <repstopdf --outfile=template/uniroma3-logo-eps-
converted-to.pdf template/uniroma3-logo.eps>
(epstopdf)             \includegraphics on input line 164.
Package epstopdf Info: Output file is already uptodate.
<template/uniroma3-logo-eps-converted-to.pdf, id=4, 196.735pt x 109.40875pt>
File: template/uniroma3-logo-eps-converted-to.pdf Graphic file (type pdf)
<use template/uniroma3-logo-eps-converted-to.pdf>
Package luatex.def Info: template/uniroma3-logo-eps-converted-to.pdf  used on in
put line 164.
(luatex.def)             Requested size: 154.66544pt x 86.01291pt.
(load luc: /Users/menxit/Library/texlive/2018/texmf-var/luatex-cache/generic/fon
ts/otl/lmroman17-regular.luc)
LaTeX Font Info:    Try loading font information for OT1+lmr on input line 164.

(/usr/local/texlive/2018/texmf-dist/tex/latex/lm/ot1lmr.fd
File: ot1lmr.fd 2009/10/30 v1.6 Font defs for Latin Modern
)
Package microtype Info: Loading generic protrusion settings for font family
(microtype)             `lmr' (encoding: OT1).
(microtype)             For optimal results, create family-specific settings.
(microtype)             See the microtype manual for details.
LaTeX Font Info:    Try loading font information for OML+lmm on input line 164.

(/usr/local/texlive/2018/texmf-dist/tex/latex/lm/omllmm.fd
File: omllmm.fd 2009/10/30 v1.6 Font defs for Latin Modern
)
LaTeX Font Info:    Try loading font information for OMS+lmsy on input line 164.


(/usr/local/texlive/2018/texmf-dist/tex/latex/lm/omslmsy.fd
File: omslmsy.fd 2009/10/30 v1.6 Font defs for Latin Modern
)
LaTeX Font Info:    Try loading font information for OMX+lmex on input line 164.


(/usr/local/texlive/2018/texmf-dist/tex/latex/lm/omxlmex.fd
File: omxlmex.fd 2009/10/30 v1.6 Font defs for Latin Modern
)
LaTeX Font Info:    External font `lmex10' loaded for size
(Font)              <12> on input line 164.
LaTeX Font Info:    External font `lmex10' loaded for size
(Font)              <8> on input line 164.
LaTeX Font Info:    External font `lmex10' loaded for size
(Font)              <6> on input line 164.
LaTeX Font Info:    Try loading font information for U+msa on input line 164.

(/usr/local/texlive/2018/texmf-dist/tex/latex/amsfonts/umsa.fd
File: umsa.fd 2013/01/14 v3.01 AMS symbols A
)
(/usr/local/texlive/2018/texmf-dist/tex/latex/microtype/mt-msa.cfg
File: mt-msa.cfg 2006/02/04 v1.1 microtype config. file: AMS symbols (a) (RS)
)
LaTeX Font Info:    Try loading font information for U+msb on input line 164.

(/usr/local/texlive/2018/texmf-dist/tex/latex/amsfonts/umsb.fd
File: umsb.fd 2013/01/14 v3.01 AMS symbols B
)
(/usr/local/texlive/2018/texmf-dist/tex/latex/microtype/mt-msb.cfg
File: mt-msb.cfg 2005/06/01 v1.0 microtype config. file: AMS symbols (b) (RS)
) [1

{/usr/local/texlive/2018/texmf-var/fonts/map/pdftex/updmap/pdftex.map}<./templat
e/uniroma3-logo-eps-converted-to.pdf>] [2](load luc: /Users/menxit/Library/texli
ve/2018/texmf-var/luatex-cache/generic/fonts/otl/lmroman10-regular.luc) [3

](load luc: /Users/menxit/Library/texlive/2018/texmf-var/luatex-cache/generic/fo
nts/otl/lmromanslant12-regular.luc) [4

]
\tf@toc=\write5

\openout5 = input.toc
 [5] [6

]
\tf@lot=\write6

\openout6 = input.lot
 [7] [8

]
\tf@lof=\write7

\openout7 = input.lof
 [9] [10

]
Capitolo 1.
(load luc: /Users/menxit/Library/texlive/2018/texmf-var/luatex-cache/generic/fon
ts/otl/lmroman10-bold.luc) [11] [12] [13] [14

]
Capitolo 2.

LaTeX Warning: Reference `blockchain' on page 15 undefined on input line 251.


LaTeX Warning: Reference `state-channel' on page 15 undefined on input line 251.



LaTeX Warning: Reference `fulgur-hub' on page 15 undefined on input line 251.

[15]
LaTeX Font Info:    External font `lmex10' loaded for size
(Font)              <10.95> on input line 264.

Underfull \vbox (badness 10000) has occurred while \output is active []

 [16]
[17] [18] [19]

LaTeX Warning: Reference `state-channel' on page 20 undefined on input line 306.


[20]
<./tex2pdf.-9e1a7949cf63fbfb/aa6199be656245d478c0d9acba3fb9c29703e124.png, id=12
2, 1164.35pt x 316.18124pt>
File: ./tex2pdf.-9e1a7949cf63fbfb/aa6199be656245d478c0d9acba3fb9c29703e124.png G
raphic file (type png)
<use ./tex2pdf.-9e1a7949cf63fbfb/aa6199be656245d478c0d9acba3fb9c29703e124.png>
Package luatex.def Info: ./tex2pdf.-9e1a7949cf63fbfb/aa6199be656245d478c0d9acba3
fb9c29703e124.png  used on input line 312.
(luatex.def)             Requested size: 290.00302pt x 78.75081pt.
<./tex2pdf.-9e1a7949cf63fbfb/ed8a52fbe9fdea88dd1fcab62858ad63122f9ff1.png, id=12
3, 1607.00375pt x 316.18124pt>
File: ./tex2pdf.-9e1a7949cf63fbfb/ed8a52fbe9fdea88dd1fcab62858ad63122f9ff1.png G
raphic file (type png)
<use ./tex2pdf.-9e1a7949cf63fbfb/ed8a52fbe9fdea88dd1fcab62858ad63122f9ff1.png>
Package luatex.def Info: ./tex2pdf.-9e1a7949cf63fbfb/ed8a52fbe9fdea88dd1fcab6285
8ad63122f9ff1.png  used on input line 320.
(luatex.def)             Requested size: 386.66962pt x 76.07802pt.
 [21<./tex2pdf.-9e1a7949cf63fbfb/aa6199be656245d478c0d9acba3fb9c29703e124.png>]
<./tex2pdf.-9e1a7949cf63fbfb/a4cc0ac63a116307832462e6854cb8cf140b1f8f.png, id=13
0, 1035.87pt x 818.05624pt>
File: ./tex2pdf.-9e1a7949cf63fbfb/a4cc0ac63a116307832462e6854cb8cf140b1f8f.png G
raphic file (type png)
<use ./tex2pdf.-9e1a7949cf63fbfb/a4cc0ac63a116307832462e6854cb8cf140b1f8f.png>
Package luatex.def Info: ./tex2pdf.-9e1a7949cf63fbfb/a4cc0ac63a116307832462e6854
cb8cf140b1f8f.png  used on input line 328.
(luatex.def)             Requested size: 251.33252pt x 198.4845pt.
 [22<./tex2pdf.-9e1a7949cf63fbfb/ed8a52fbe9fdea88dd1fcab62858ad63122f9ff1.png><.
/tex2pdf.-9e1a7949cf63fbfb/a4cc0ac63a116307832462e6854cb8cf140b1f8f.png>](load l
uc: /Users/menxit/Library/texlive/2018/texmf-var/luatex-cache/generic/fonts/otl/
lmroman8-regular.luc)

Package longtable Warning: Column widths have changed
(longtable)                in table 1 on input line 353.

[23]

LaTeX Warning: Reference `payment-channel' on page 24 undefined on input line 36
4.

[24]

Package longtable Warning: Column widths have changed
(longtable)                in table 2 on input line 382.

[25]

Package longtable Warning: Column widths have changed
(longtable)                in table 3 on input line 399.


Underfull \vbox (badness 10000) has occurred while \output is active []

 [26]
[27] [28]

LaTeX Warning: Reference `analisi' on page 29 undefined on input line 439.

[29] [30

]
Capitolo 3.

LaTeX Warning: Reference `obiettivi' on page 31 undefined on input line 444.


LaTeX Warning: Reference `descrizione-generale-dellarchitettura' on page 31 unde
fined on input line 444.


LaTeX Warning: Reference `casi-duso' on page 31 undefined on input line 444.


Underfull \vbox (badness 1292) has occurred while \output is active []

 [31]

LaTeX Warning: Reference `background' on page 32 undefined on input line 456.

[32]

LaTeX Warning: Reference `background' on page 33 undefined on input line 479.

<./tex2pdf.-9e1a7949cf63fbfb/0cb1c91d1bf1109b259c180391b7bb08ad9e1da5.png, id=21
0, 917.4275pt x 772.8875pt>
File: ./tex2pdf.-9e1a7949cf63fbfb/0cb1c91d1bf1109b259c180391b7bb08ad9e1da5.png G
raphic file (type png)
<use ./tex2pdf.-9e1a7949cf63fbfb/0cb1c91d1bf1109b259c180391b7bb08ad9e1da5.png>
Package luatex.def Info: ./tex2pdf.-9e1a7949cf63fbfb/0cb1c91d1bf1109b259c180391b
7bb08ad9e1da5.png  used on input line 488.
(luatex.def)             Requested size: 289.99911pt x 244.30997pt.
[33] [34<./tex2pdf.-9e1a7949cf63fbfb/0cb1c91d1bf1109b259c180391b7bb08ad9e1da5.pn
g>]

LaTeX Warning: Reference `casi-duso' on page 35 undefined on input line 494.


LaTeX Warning: Reference `background' on page 35 undefined on input line 496.

[35]
Underfull \vbox (badness 3049) has occurred while \output is active []

 [36]
<./tex2pdf.-9e1a7949cf63fbfb/04f0efaf37718c1595b116823ad81ba0c5cd42cf.png, id=24
2, 1491.5725pt x 442.65375pt>
File: ./tex2pdf.-9e1a7949cf63fbfb/04f0efaf37718c1595b116823ad81ba0c5cd42cf.png G
raphic file (type png)
<use ./tex2pdf.-9e1a7949cf63fbfb/04f0efaf37718c1595b116823ad81ba0c5cd42cf.png>
Package luatex.def Info: ./tex2pdf.-9e1a7949cf63fbfb/04f0efaf37718c1595b116823ad
81ba0c5cd42cf.png  used on input line 535.
(luatex.def)             Requested size: 386.66173pt x 114.74953pt.

[37]
<./tex2pdf.-9e1a7949cf63fbfb/93641fac765513a2d2f82d9f2dfbec4180a4004a.png, id=25
4, 649.42625pt x 315.1775pt>
File: ./tex2pdf.-9e1a7949cf63fbfb/93641fac765513a2d2f82d9f2dfbec4180a4004a.png G
raphic file (type png)
<use ./tex2pdf.-9e1a7949cf63fbfb/93641fac765513a2d2f82d9f2dfbec4180a4004a.png>
Package luatex.def Info: ./tex2pdf.-9e1a7949cf63fbfb/93641fac765513a2d2f82d9f2df
bec4180a4004a.png  used on input line 552.
(luatex.def)             Requested size: 173.99974pt x 84.445pt.
 [38<./tex2pdf.-9e1a7949cf63fbfb/04f0efaf37718c1595b116823ad81ba0c5cd42cf.png>]
 [39<./tex2pdf.-9e1a7949cf63fbfb/93641fac765513a2d2f82d9f2dfbec4180a4004a.png>]
<./tex2pdf.-9e1a7949cf63fbfb/b1bde96f20d21fca489e9d87e0b8870dad29ee84.png, id=27
4, 899.36pt x 898.35625pt>
File: ./tex2pdf.-9e1a7949cf63fbfb/b1bde96f20d21fca489e9d87e0b8870dad29ee84.png G
raphic file (type png)
<use ./tex2pdf.-9e1a7949cf63fbfb/b1bde96f20d21fca489e9d87e0b8870dad29ee84.png>
Package luatex.def Info: ./tex2pdf.-9e1a7949cf63fbfb/b1bde96f20d21fca489e9d87e0b
8870dad29ee84.png  used on input line 593.
(luatex.def)             Requested size: 251.33878pt x 251.05826pt.
 [40<./tex2pdf.-9e1a7949cf63fbfb/b1bde96f20d21fca489e9d87e0b8870dad29ee84.png>]
<./tex2pdf.-9e1a7949cf63fbfb/9e2c82452902c5d65499f954bdea128a9a780c15.png, id=28
4, 1247.66125pt x 668.4975pt>
File: ./tex2pdf.-9e1a7949cf63fbfb/9e2c82452902c5d65499f954bdea128a9a780c15.png G
raphic file (type png)
<use ./tex2pdf.-9e1a7949cf63fbfb/9e2c82452902c5d65499f954bdea128a9a780c15.png>
Package luatex.def Info: ./tex2pdf.-9e1a7949cf63fbfb/9e2c82452902c5d65499f954bde
a128a9a780c15.png  used on input line 628.
(luatex.def)             Requested size: 309.32541pt x 165.7367pt.

Underfull \vbox (badness 7273) has occurred while \output is active []

 [41]
<./tex2pdf.-9e1a7949cf63fbfb/7c5cecbfc23dcd6d389d9b4b8cb29e41e735d248.png, id=29
7, 1401.235pt x 643.40375pt>
File: ./tex2pdf.-9e1a7949cf63fbfb/7c5cecbfc23dcd6d389d9b4b8cb29e41e735d248.png G
raphic file (type png)
<use ./tex2pdf.-9e1a7949cf63fbfb/7c5cecbfc23dcd6d389d9b4b8cb29e41e735d248.png>
Package luatex.def Info: ./tex2pdf.-9e1a7949cf63fbfb/7c5cecbfc23dcd6d389d9b4b8cb
29e41e735d248.png  used on input line 646.
(luatex.def)             Requested size: 347.99873pt x 159.79024pt.

Underfull \vbox (badness 1210) has occurred while \output is active []

 [42<./tex2pdf.-9e1a7949cf63fbfb/9e2c82452902c5d65499f954bdea128a9a780c15.png>]

Underfull \vbox (badness 1635) has occurred while \output is active []

 [43<./tex2pdf.-9e1a7949cf63fbfb/7c5cecbfc23dcd6d389d9b4b8cb29e41e735d248.png>]
<./tex2pdf.-9e1a7949cf63fbfb/2c75d626f2bc6f6659b1983142761c3a0942b652.png, id=31
5, 705.63625pt x 554.07pt>
File: ./tex2pdf.-9e1a7949cf63fbfb/2c75d626f2bc6f6659b1983142761c3a0942b652.png G
raphic file (type png)
<use ./tex2pdf.-9e1a7949cf63fbfb/2c75d626f2bc6f6659b1983142761c3a0942b652.png>
Package luatex.def Info: ./tex2pdf.-9e1a7949cf63fbfb/2c75d626f2bc6f6659b19831427
61c3a0942b652.png  used on input line 682.
(luatex.def)             Requested size: 193.33455pt x 151.8075pt.
 [44<./tex2pdf.-9e1a7949cf63fbfb/2c75d626f2bc6f6659b1983142761c3a0942b652.png>]
<./tex2pdf.-9e1a7949cf63fbfb/4ce29426cb79fc7088d861a1870840f9609f96cd.png, id=32
7, 723.70375pt x 541.02126pt>
File: ./tex2pdf.-9e1a7949cf63fbfb/4ce29426cb79fc7088d861a1870840f9609f96cd.png G
raphic file (type png)
<use ./tex2pdf.-9e1a7949cf63fbfb/4ce29426cb79fc7088d861a1870840f9609f96cd.png>
Package luatex.def Info: ./tex2pdf.-9e1a7949cf63fbfb/4ce29426cb79fc7088d861a1870
840f9609f96cd.png  used on input line 708.
(luatex.def)             Requested size: 232.00955pt x 173.44403pt.
 [45<./tex2pdf.-9e1a7949cf63fbfb/4ce29426cb79fc7088d861a1870840f9609f96cd.png>]
<./tex2pdf.-9e1a7949cf63fbfb/7e6401394881180ad5acd92a648697ce2d00b155.png, id=33
8, 533.995pt x 413.545pt>
File: ./tex2pdf.-9e1a7949cf63fbfb/7e6401394881180ad5acd92a648697ce2d00b155.png G
raphic file (type png)
<use ./tex2pdf.-9e1a7949cf63fbfb/7e6401394881180ad5acd92a648697ce2d00b155.png>
Package luatex.def Info: ./tex2pdf.-9e1a7949cf63fbfb/7e6401394881180ad5acd92a648
697ce2d00b155.png  used on input line 723.
(luatex.def)             Requested size: 154.66718pt x 119.77983pt.
 [46<./tex2pdf.-9e1a7949cf63fbfb/7e6401394881180ad5acd92a648697ce2d00b155.png>]
 [47]
[48

]
Capitolo 4.

LaTeX Warning: Reference `smart-contract' on page 49 undefined on input line 743
.


LaTeX Warning: Reference `client' on page 49 undefined on input line 743.


LaTeX Warning: Reference `hub' on page 49 undefined on input line 743.

[49]

LaTeX Warning: Reference `analisi' on page 50 undefined on input line 762.


Underfull \vbox (badness 10000) has occurred while \output is active []

 [50]
[51] [52]

LaTeX Warning: Reference `analisi' on page 53 undefined on input line 797.

[53](load luc: /Users/menxit/Library/texlive/2018/texmf-var/luatex-cache/generic
/fonts/otl/lmmono10-regular.luc)
LaTeX Font Info:    Font shape `TU/lmtt/bx/n' in size <10.95> not available
(Font)              Font shape `TU/lmtt/b/n' tried instead on input line 801.
(load luc: /Users/menxit/Library/texlive/2018/texmf-var/luatex-cache/generic/fon
ts/otl/lmmonolt10-bold.luc)
Underfull \vbox (badness 5652) has occurred while \output is active []

 [54]
[55] [56]

LaTeX Warning: Reference `analisi' on page 57 undefined on input line 875.

[57] [58]
Underfull \hbox (badness 1048) in paragraph at lines 988--989
[]\TU/lmr/bx/n/10.95 Pa-ga-men-to OffChain-OnChain \TU/lmr/m/n/10.95 Av-via un 
pa-ga-men-to di ti-po OffChain-
 []

[59] [60]
Underfull \vbox (badness 1509) has occurred while \output is active []

 [61]
[62]

LaTeX Warning: Reference `analisi' on page 63 undefined on input line 1115.

[63]

LaTeX Warning: Reference `analisi' on page 64 undefined on input line 1136.

[64] [65] [66

]
Capitolo 5.

LaTeX Warning: Reference `gli-obiettivi' on page 67 undefined on input line 1171
.


LaTeX Warning: Reference `lapproccio-adottato' on page 67 undefined on input lin
e 1171.


LaTeX Warning: Reference `throughput-del-client' on page 67 undefined on input l
ine 1171.


LaTeX Warning: Reference `throughput-dellhub' on page 67 undefined on input line
 1171.


LaTeX Warning: Reference `profiling' on page 67 undefined on input line 1171.


LaTeX Warning: Reference `considerazioni' on page 67 undefined on input line 117
1.

[67]

LaTeX Warning: Reference `analisi' on page 68 undefined on input line 1178.

[68] [69] [70]

Package longtable Warning: Column widths have changed
(longtable)                in table 4 on input line 1263.

<./tex2pdf.-9e1a7949cf63fbfb/ce12ed804396416f8559f9995b56aa55e8fde5e5.png, id=48
6, 481.8pt x 361.35pt>
File: ./tex2pdf.-9e1a7949cf63fbfb/ce12ed804396416f8559f9995b56aa55e8fde5e5.png G
raphic file (type png)
<use ./tex2pdf.-9e1a7949cf63fbfb/ce12ed804396416f8559f9995b56aa55e8fde5e5.png>
Package luatex.def Info: ./tex2pdf.-9e1a7949cf63fbfb/ce12ed804396416f8559f9995b5
6aa55e8fde5e5.png  used on input line 1267.
(luatex.def)             Requested size: 386.68294pt x 290.01222pt.
[71<./tex2pdf.-9e1a7949cf63fbfb/ce12ed804396416f8559f9995b56aa55e8fde5e5.png>]
<./tex2pdf.-9e1a7949cf63fbfb/c7f0557eef2212632d339bc24b02ee6841eda854.png, id=49
6, 481.8pt x 361.35pt>
File: ./tex2pdf.-9e1a7949cf63fbfb/c7f0557eef2212632d339bc24b02ee6841eda854.png G
raphic file (type png)
<use ./tex2pdf.-9e1a7949cf63fbfb/c7f0557eef2212632d339bc24b02ee6841eda854.png>
Package luatex.def Info: ./tex2pdf.-9e1a7949cf63fbfb/c7f0557eef2212632d339bc24b0
2ee6841eda854.png  used on input line 1293.
(luatex.def)             Requested size: 386.68294pt x 290.01222pt.

[72] [73<./tex2pdf.-9e1a7949cf63fbfb/c7f0557eef2212632d339bc24b02ee6841eda854.pn
g>]

Package longtable Warning: Column widths have changed
(longtable)                in table 6 on input line 1318.

<./tex2pdf.-9e1a7949cf63fbfb/064de6fe09898f6ad82d2d022964dd905b4467b5.png, id=51
6, 481.8pt x 361.35pt>
File: ./tex2pdf.-9e1a7949cf63fbfb/064de6fe09898f6ad82d2d022964dd905b4467b5.png G
raphic file (type png)
<use ./tex2pdf.-9e1a7949cf63fbfb/064de6fe09898f6ad82d2d022964dd905b4467b5.png>
Package luatex.def Info: ./tex2pdf.-9e1a7949cf63fbfb/064de6fe09898f6ad82d2d02296
4dd905b4467b5.png  used on input line 1322.
(luatex.def)             Requested size: 386.68294pt x 290.01222pt.
[74<./tex2pdf.-9e1a7949cf63fbfb/064de6fe09898f6ad82d2d022964dd905b4467b5.png>]
<./tex2pdf.-9e1a7949cf63fbfb/76c94dd237f4a05f34cf12ec96f546675475c55d.png, id=52
5, 481.8pt x 361.35pt>
File: ./tex2pdf.-9e1a7949cf63fbfb/76c94dd237f4a05f34cf12ec96f546675475c55d.png G
raphic file (type png)
<use ./tex2pdf.-9e1a7949cf63fbfb/76c94dd237f4a05f34cf12ec96f546675475c55d.png>
Package luatex.def Info: ./tex2pdf.-9e1a7949cf63fbfb/76c94dd237f4a05f34cf12ec96f
546675475c55d.png  used on input line 1348.
(luatex.def)             Requested size: 386.68294pt x 290.01222pt.


LaTeX Warning: Reference `analisi' on page 75 undefined on input line 1355.


LaTeX Warning: Reference `throughput-del-client' on page 75 undefined on input l
ine 1355.

<./tex2pdf.-9e1a7949cf63fbfb/da9d9d42a9b1c714cfc80d99a4c10c39bdefa46b.png, id=52
7, 810.02625pt x 449.68pt>
File: ./tex2pdf.-9e1a7949cf63fbfb/da9d9d42a9b1c714cfc80d99a4c10c39bdefa46b.png G
raphic file (type png)
<use ./tex2pdf.-9e1a7949cf63fbfb/da9d9d42a9b1c714cfc80d99a4c10c39bdefa46b.png>
Package luatex.def Info: ./tex2pdf.-9e1a7949cf63fbfb/da9d9d42a9b1c714cfc80d99a4c
10c39bdefa46b.png  used on input line 1359.
(luatex.def)             Requested size: 309.34581pt x 171.731pt.
<./tex2pdf.-9e1a7949cf63fbfb/1c952f5a6c3a9dd15b2dda711ea25d0215f5779b.png, id=53
0, 817.0525pt x 198.7425pt>
File: ./tex2pdf.-9e1a7949cf63fbfb/1c952f5a6c3a9dd15b2dda711ea25d0215f5779b.png G
raphic file (type png)
<use ./tex2pdf.-9e1a7949cf63fbfb/1c952f5a6c3a9dd15b2dda711ea25d0215f5779b.png>
Package luatex.def Info: ./tex2pdf.-9e1a7949cf63fbfb/1c952f5a6c3a9dd15b2dda711ea
25d0215f5779b.png  used on input line 1367.
(luatex.def)             Requested size: 386.67024pt x 94.05492pt.
[75] [76<./tex2pdf.-9e1a7949cf63fbfb/76c94dd237f4a05f34cf12ec96f546675475c55d.pn
g>] [77<./tex2pdf.-9e1a7949cf63fbfb/da9d9d42a9b1c714cfc80d99a4c10c39bdefa46b.png
><./tex2pdf.-9e1a7949cf63fbfb/1c952f5a6c3a9dd15b2dda711ea25d0215f5779b.png>]

Package longtable Warning: Column widths have changed
(longtable)                in table 8 on input line 1394.

[78] [79] [80

]
Capitolo 6.

LaTeX Warning: Reference `background' on page 81 undefined on input line 1412.


Underfull \vbox (badness 10000) has occurred while \output is active []

 [81]

LaTeX Warning: Reference `analisi' on page 82 undefined on input line 1417.

[82](load luc: /Users/menxit/Library/texlive/2018/texmf-var/luatex-cache/generic
/fonts/otl/lmroman10-italic.luc) [83]

Package longtable Warning: Table widths have changed. Rerun LaTeX.

Package atveryend Info: Empty hook `BeforeClearDocument' on input line 1479.
[84]
Package atveryend Info: Empty hook `AfterLastShipout' on input line 1479.
 (./tex2pdf.-9e1a7949cf63fbfb/input.aux
luatex-hyphen: loading patterns and exceptions for: italian (\language4)
luatex-hyphen: info: no hyphenation exceptions for this language
Module polyglossia Info: Language italian already loaded; id is 4 on input line 
20
)
Package atveryend Info: Executing hook `AtVeryEndDocument' on input line 1479.
Package atveryend Info: Executing hook `AtEndAfterFileList' on input line 1479.


Package rerunfilecheck Warning: File `input.out' has changed.
(rerunfilecheck)                Rerun to get outlines right
(rerunfilecheck)                or use package `bookmark'.

Package rerunfilecheck Info: Checksums for `input.out':
(rerunfilecheck)             Before: <no file>
(rerunfilecheck)             After:  2AAC0F8415C6F60DE31B89F12BBB89C1;7985.

LaTeX Warning: There were undefined references.


LaTeX Warning: Label(s) may have changed. Rerun to get cross-references right.

Package atveryend Info: Empty hook `AtVeryVeryEnd' on input line 1479.
)

Here is how much of LuaTeX's memory you used:
 24924 strings out of 494413
 125056,794899 words of node,token memory allocated
 562 words of node memory still in use:
   6 hlist, 2 vlist, 2 rule, 2 glue, 1 kern, 24 attribute, 58 glue_spec, 24 attr
ibute_list, 1 write nodes
   avail lists: 1:2,2:400,3:87,4:93,5:209,6:12,7:3768,8:45,9:178,10:31,11:571
 28110 multiletter control sequences out of 65536+600000
 60 fonts using 8896367 bytes
 46i,7n,45p,1821b,450s stack positions out of 5000i,500n,10000p,200000b,100000s
</usr/local/texlive/2018/texmf-dist/fonts/opentype/public/lm/lmroman10-italic.ot
f></usr/local/texlive/2018/texmf-dist/fonts/opentype/public/lm/lmmono10-regular.
otf></usr/local/texlive/2018/texmf-dist/fonts/opentype/public/lm/lmmonolt10-bold
.otf>{/usr/local/texlive/2018/texmf-dist/fonts/enc/dvips/lm/lm-mathsy.enc}{/usr/
local/texlive/2018/texmf-dist/fonts/enc/dvips/lm/lm-mathit.enc}</usr/local/texli
ve/2018/texmf-dist/fonts/opentype/public/lm/lmroman8-regular.otf>{/usr/local/tex
live/2018/texmf-dist/fonts/enc/dvips/lm/lm-rm.enc}</usr/local/texlive/2018/texmf
-dist/fonts/opentype/public/lm/lmroman10-bold.otf></usr/local/texlive/2018/texmf
-dist/fonts/opentype/public/lm/lmromanslant12-regular.otf></usr/local/texlive/20
18/texmf-dist/fonts/opentype/public/lm/lmroman10-regular.otf></usr/local/texlive
/2018/texmf-dist/fonts/opentype/public/lm/lmroman12-italic.otf></usr/local/texli
ve/2018/texmf-dist/fonts/opentype/public/lm/lmroman12-bold.otf></usr/local/texli
ve/2018/texmf-dist/fonts/opentype/public/lm/lmroman12-regular.otf></usr/local/te
xlive/2018/texmf-dist/fonts/opentype/public/lm/lmroman17-regular.otf></usr/local
/texlive/2018/texmf-dist/fonts/type1/public/lm/lmmi10.pfb></usr/local/texlive/20
18/texmf-dist/fonts/type1/public/lm/lmmi6.pfb></usr/local/texlive/2018/texmf-dis
t/fonts/type1/public/lm/lmmi8.pfb></usr/local/texlive/2018/texmf-dist/fonts/type
1/public/lm/lmr10.pfb></usr/local/texlive/2018/texmf-dist/fonts/type1/public/lm/
lmr8.pfb></usr/local/texlive/2018/texmf-dist/fonts/type1/public/lm/lmsy10.pfb></
usr/local/texlive/2018/texmf-dist/fonts/type1/public/amsfonts/symbols/msbm10.pfb
>
Output written on input.pdf (84 pages, 763446 bytes).

PDF statistics: 728 PDF objects out of 1000 (max. 8388607)
 571 compressed objects within 6 object streams
 267 named destinations out of 1000 (max. 131072)
 1 words of extra memory for PDF output out of 10000 (max. 100000000)

